TN:
SF:src/components/ACart.jsx
FN:9,ACart
FNF:1
FNH:1
FNDA:1,ACart
DA:1,1
DA:2,1
DA:3,1
DA:4,1
DA:5,1
DA:6,1
DA:7,1
DA:9,1
DA:10,1
DA:11,1
DA:13,1
DA:16,1
DA:17,1
DA:18,4
DA:19,4
DA:20,4
DA:21,1
DA:22,1
DA:23,1
DA:25,1
DA:27,1
LF:21
LH:21
BRDA:9,0,0,1
BRDA:17,1,0,4
BRF:2
BRH:2
end_of_record
TN:
SF:src/components/Banner.jsx
FN:4,Banner
FNF:1
FNH:1
FNDA:1,Banner
DA:1,1
DA:2,1
DA:4,1
DA:5,1
DA:6,1
DA:7,1
DA:8,1
DA:9,1
DA:11,1
DA:13,1
LF:10
LH:10
BRDA:4,0,0,1
BRDA:8,1,0,0
BRF:2
BRH:1
end_of_record
TN:
SF:src/components/Collapse.jsx
FN:3,Collapse
FN:8,onClick
FNF:2
FNH:2
FNDA:12,Collapse
FNDA:8,onClick
DA:1,1
DA:3,1
DA:4,12
DA:6,12
DA:7,12
DA:8,12
DA:9,12
DA:10,12
DA:11,12
DA:12,12
DA:13,12
DA:15,12
DA:17,1
LF:13
LH:13
BRDA:3,0,0,12
BRDA:10,1,0,4
BRDA:10,2,0,8
BRDA:12,3,0,4
BRDA:8,4,0,8
BRF:5
BRH:5
end_of_record
