TN:
SF:src/components/ACart.jsx
FN:8,ACart
FNF:1
FNH:1
FNDA:1,ACart
DA:1,1
DA:2,1
DA:3,1
DA:4,1
DA:5,1
DA:6,1
DA:8,1
DA:9,1
DA:10,1
DA:12,1
DA:15,1
DA:16,1
DA:17,4
DA:18,4
DA:19,4
DA:20,1
DA:21,1
DA:22,1
DA:24,1
DA:26,1
LF:20
LH:20
BRDA:8,0,0,1
BRDA:16,1,0,4
BRF:2
BRH:2
end_of_record
TN:
SF:src/components/Body.jsx
FN:6,Body
FNF:1
FNH:1
FNDA:1,Body
DA:1,1
DA:2,1
DA:3,1
DA:4,1
DA:6,1
DA:7,1
DA:8,1
DA:23,1
DA:24,1
DA:25,1
DA:26,1
DA:27,1
DA:29,1
DA:31,1
DA:34,1
DA:35,1
DA:36,1
DA:37,1
DA:38,1
DA:39,1
DA:42,1
DA:43,1
DA:44,0
DA:45,0
DA:46,0
DA:47,0
DA:48,1
DA:49,1
DA:50,1
DA:52,1
DA:54,1
LF:31
LH:27
BRDA:6,0,0,1
BRDA:23,1,0,1
BRDA:25,2,0,1
BRF:3
BRH:3
end_of_record
TN:
SF:src/components/Collapse.jsx
FN:3,Collapse
FN:8,onClick
FNF:2
FNH:2
FNDA:6,Collapse
FNDA:2,onClick
DA:1,1
DA:3,1
DA:4,6
DA:6,6
DA:7,6
DA:8,6
DA:9,6
DA:10,6
DA:11,6
DA:12,6
DA:13,6
DA:15,6
DA:17,1
LF:13
LH:13
BRDA:3,0,0,6
BRDA:10,1,0,1
BRDA:10,2,0,5
BRDA:12,3,0,1
BRDA:8,4,0,2
BRF:5
BRH:5
end_of_record
TN:
SF:src/components/Footer.jsx
FN:4,Footer
FNF:1
FNH:1
FNDA:1,Footer
DA:1,1
DA:2,1
DA:4,1
DA:5,1
DA:6,1
DA:7,1
DA:8,1
DA:9,1
DA:11,1
DA:13,1
LF:10
LH:10
BRDA:4,0,0,1
BRF:1
BRH:1
end_of_record
TN:
SF:src/components/Header.jsx
FN:5,Header
FNF:1
FNH:1
FNDA:1,Header
DA:1,1
DA:2,1
DA:3,1
DA:5,1
DA:6,1
DA:7,1
DA:8,1
DA:9,1
DA:10,1
DA:11,1
DA:12,1
DA:13,1
DA:14,1
DA:15,1
DA:16,1
DA:17,1
DA:19,1
DA:21,1
LF:18
LH:18
BRDA:5,0,0,1
BRF:1
BRH:1
end_of_record
TN:
SF:src/components/logCarousel.jsx
FN:1,(empty-report)
FNF:1
FNH:0
FNDA:0,(empty-report)
DA:1,0
DA:2,0
DA:3,0
DA:4,0
DA:5,0
DA:6,0
DA:7,0
DA:9,0
DA:10,0
DA:11,0
DA:12,0
DA:13,0
DA:14,0
DA:15,0
DA:17,0
DA:18,0
DA:19,0
DA:20,0
DA:21,0
DA:22,0
DA:23,0
DA:24,0
DA:25,0
DA:26,0
DA:27,0
DA:28,0
DA:29,0
DA:30,0
DA:32,0
DA:33,0
DA:34,0
DA:36,0
DA:37,0
DA:38,0
DA:39,0
DA:40,0
DA:41,0
DA:43,0
DA:45,0
DA:46,0
DA:47,0
DA:48,0
DA:49,0
DA:50,0
DA:51,0
DA:52,0
DA:53,0
DA:55,0
DA:56,0
DA:57,0
DA:58,0
DA:60,0
DA:61,0
DA:62,0
DA:63,0
DA:65,0
DA:66,0
DA:67,0
DA:68,0
DA:70,0
DA:71,0
DA:73,0
DA:74,0
DA:75,0
DA:77,0
DA:78,0
DA:79,0
DA:80,0
DA:81,0
DA:82,0
DA:83,0
DA:85,0
DA:86,0
DA:87,0
DA:88,0
DA:91,0
DA:92,0
DA:93,0
DA:95,0
DA:96,0
DA:97,0
DA:98,0
DA:99,0
DA:101,0
DA:103,0
DA:104,0
DA:105,0
DA:108,0
DA:109,0
DA:110,0
DA:111,0
DA:112,0
DA:113,0
DA:114,0
DA:115,0
DA:116,0
DA:117,0
DA:119,0
DA:121,0
LF:99
LH:0
BRDA:1,0,0,0
BRF:1
BRH:0
end_of_record
TN:
SF:src/components/not-found.jsx
FN:4,PageError
FNF:1
FNH:1
FNDA:3,PageError
DA:1,1
DA:2,1
DA:4,1
DA:5,3
DA:6,3
DA:7,3
DA:8,3
DA:9,3
DA:10,3
DA:11,3
DA:12,3
DA:14,3
DA:16,1
LF:13
LH:13
BRDA:4,0,0,3
BRF:1
BRH:1
end_of_record
